<?xml version="1.0" encoding="UTF-8"?>
<!-- Generated by org.testng.reporters.JUnitXMLReporter -->
<testsuite hostname="LAPTOP-NU0FN7VQ" ignored="0" name="BankingApp Test" tests="2" failures="0" timestamp="30 Sep 2019 17:18:07 GMT" time="25.896" errors="0">
  <testcase name="loginTest" time="2.138" classname="com.inetbanking.testCases.TC_LoginTest_001"/>
  <testcase name="testAddCustomer" time="6.486" classname="com.inetbanking.testCases.TC_AddCustomerTest_003"/>
</testsuite> <!-- BankingApp Test -->
