<?xml version="1.0" encoding="UTF-8"?>
<testng-results skipped="0" failed="0" ignored="0" total="2" passed="2">
  <reporter-output>
  </reporter-output>
  <suite name="InetBankingV1" duration-ms="25896" started-at="2019-09-30T17:17:41Z" finished-at="2019-09-30T17:18:07Z">
    <groups>
    </groups>
    <test name="BankingApp Test" duration-ms="25896" started-at="2019-09-30T17:17:41Z" finished-at="2019-09-30T17:18:07Z">
      <class name="com.inetbanking.testCases.TC_LoginTest_001">
        <test-method status="PASS" signature="setup(java.lang.String)[pri:0, instance:com.inetbanking.testCases.TC_LoginTest_001@340f438e]" name="setup" is-config="true" duration-ms="8996" started-at="2019-09-30T17:17:41Z" finished-at="2019-09-30T17:17:50Z">
          <params>
            <param index="0">
              <value>
                <![CDATA[chrome]]>
              </value>
            </param>
          </params>
          <reporter-output>
          </reporter-output>
        </test-method> <!-- setup -->
        <test-method status="PASS" signature="loginTest()[pri:0, instance:com.inetbanking.testCases.TC_LoginTest_001@340f438e]" name="loginTest" duration-ms="2138" started-at="2019-09-30T17:17:50Z" finished-at="2019-09-30T17:17:52Z">
          <reporter-output>
          </reporter-output>
        </test-method> <!-- loginTest -->
        <test-method status="PASS" signature="teardown()[pri:0, instance:com.inetbanking.testCases.TC_LoginTest_001@340f438e]" name="teardown" is-config="true" duration-ms="684" started-at="2019-09-30T17:17:53Z" finished-at="2019-09-30T17:17:53Z">
          <reporter-output>
          </reporter-output>
        </test-method> <!-- teardown -->
      </class> <!-- com.inetbanking.testCases.TC_LoginTest_001 -->
      <class name="com.inetbanking.testCases.TC_AddCustomerTest_003">
        <test-method status="PASS" signature="setup(java.lang.String)[pri:0, instance:com.inetbanking.testCases.TC_AddCustomerTest_003@30c7da1e]" name="setup" is-config="true" duration-ms="6678" started-at="2019-09-30T17:17:53Z" finished-at="2019-09-30T17:18:00Z">
          <params>
            <param index="0">
              <value>
                <![CDATA[chrome]]>
              </value>
            </param>
          </params>
          <reporter-output>
          </reporter-output>
        </test-method> <!-- setup -->
        <test-method status="PASS" signature="testAddCustomer()[pri:0, instance:com.inetbanking.testCases.TC_AddCustomerTest_003@30c7da1e]" name="testAddCustomer" duration-ms="6486" started-at="2019-09-30T17:18:00Z" finished-at="2019-09-30T17:18:06Z">
          <reporter-output>
          </reporter-output>
        </test-method> <!-- testAddCustomer -->
        <test-method status="PASS" signature="teardown()[pri:0, instance:com.inetbanking.testCases.TC_AddCustomerTest_003@30c7da1e]" name="teardown" is-config="true" duration-ms="626" started-at="2019-09-30T17:18:06Z" finished-at="2019-09-30T17:18:07Z">
          <reporter-output>
          </reporter-output>
        </test-method> <!-- teardown -->
      </class> <!-- com.inetbanking.testCases.TC_AddCustomerTest_003 -->
    </test> <!-- BankingApp Test -->
  </suite> <!-- InetBankingV1 -->
</testng-results>
